{"target": 0.33796016898008446, "params": {"KC_size": 1362, "percent_hash": 13, "proj_size": 7, "topword": 81}}
{"target": 0.448098974049487, "params": {"KC_size": 4010, "percent_hash": 7, "proj_size": 6, "topword": 82}}
{"target": 0.45956547978273987, "params": {"KC_size": 4812, "percent_hash": 18, "proj_size": 6, "topword": 55}}
{"target": 0.44387447193723595, "params": {"KC_size": 3576, "percent_hash": 15, "proj_size": 6, "topword": 61}}
{"target": 0.3684369342184671, "params": {"KC_size": 2764, "percent_hash": 2, "proj_size": 9, "topword": 89}}
{"target": 0.44538322269161135, "params": {"KC_size": 5000, "percent_hash": 2, "proj_size": 4, "topword": 100}}
{"target": 0.4052504526252263, "params": {"KC_size": 4811, "percent_hash": 19, "proj_size": 7, "topword": 57}}
{"target": 0.3427881713940857, "params": {"KC_size": 2981, "percent_hash": 7, "proj_size": 7, "topword": 34}}
{"target": 0.42184671092335546, "params": {"KC_size": 4973, "percent_hash": 15, "proj_size": 8, "topword": 77}}
{"target": 0.43270971635485816, "params": {"KC_size": 3211, "percent_hash": 12, "proj_size": 6, "topword": 59}}
{"target": 0.415811707905854, "params": {"KC_size": 4309, "percent_hash": 19, "proj_size": 7, "topword": 73}}
{"target": 0.3835244417622209, "params": {"KC_size": 4754, "percent_hash": 2, "proj_size": 9, "topword": 20}}
{"target": 0.43452021726010864, "params": {"KC_size": 4814, "percent_hash": 13, "proj_size": 7, "topword": 66}}
{"target": 0.4568497284248642, "params": {"KC_size": 4217, "percent_hash": 18, "proj_size": 5, "topword": 10}}
{"target": 0.40404345202172604, "params": {"KC_size": 2256, "percent_hash": 13, "proj_size": 9, "topword": 69}}
{"target": 0.24683162341581172, "params": {"KC_size": 811, "percent_hash": 14, "proj_size": 8, "topword": 32}}
{"target": 0.44538322269161135, "params": {"KC_size": 3209, "percent_hash": 11, "proj_size": 5, "topword": 58}}
{"target": 0.4312009656004828, "params": {"KC_size": 3210, "percent_hash": 9, "proj_size": 7, "topword": 63}}
{"target": 0.44508147254073627, "params": {"KC_size": 3209, "percent_hash": 12, "proj_size": 4, "topword": 64}}
{"target": 0.4444779722389861, "params": {"KC_size": 4213, "percent_hash": 16, "proj_size": 8, "topword": 10}}
{"target": 0.40766445383222694, "params": {"KC_size": 4813, "percent_hash": 18, "proj_size": 7, "topword": 52}}
{"target": 0.44508147254073627, "params": {"KC_size": 3574, "percent_hash": 15, "proj_size": 5, "topword": 57}}
{"target": 0.4583584791792396, "params": {"KC_size": 4806, "percent_hash": 15, "proj_size": 5, "topword": 54}}
{"target": 0.41460470730235366, "params": {"KC_size": 4804, "percent_hash": 12, "proj_size": 9, "topword": 54}}
{"target": 0.37386843693421845, "params": {"KC_size": 3522, "percent_hash": 19, "proj_size": 6, "topword": 65}}
{"target": 0.4571514785757393, "params": {"KC_size": 4810, "percent_hash": 13, "proj_size": 5, "topword": 59}}
{"target": 0.4164152082076041, "params": {"KC_size": 2935, "percent_hash": 9, "proj_size": 7, "topword": 31}}
{"target": 0.46107423053711527, "params": {"KC_size": 4153, "percent_hash": 18, "proj_size": 6, "topword": 81}}
{"target": 0.36632468316234157, "params": {"KC_size": 2987, "percent_hash": 10, "proj_size": 10, "topword": 60}}
{"target": 0.4164152082076041, "params": {"KC_size": 4085, "percent_hash": 3, "proj_size": 10, "topword": 57}}
{"target": 0.46137598068799035, "params": {"KC_size": 4759, "percent_hash": 6, "proj_size": 5, "topword": 68}}
{"target": 0.38412794206397105, "params": {"KC_size": 2128, "percent_hash": 17, "proj_size": 10, "topword": 54}}
{"target": 0.3349426674713337, "params": {"KC_size": 3373, "percent_hash": 5, "proj_size": 7, "topword": 54}}
{"target": 0.3817139408569704, "params": {"KC_size": 4755, "percent_hash": 5, "proj_size": 7, "topword": 69}}
{"target": 0.45413397706698855, "params": {"KC_size": 4153, "percent_hash": 16, "proj_size": 7, "topword": 84}}
{"target": 0.47404948702474353, "params": {"KC_size": 4772, "percent_hash": 5, "proj_size": 4, "topword": 21}}
{"target": 0.3732649366324683, "params": {"KC_size": 4808, "percent_hash": 14, "proj_size": 5, "topword": 52}}
{"target": 0.3726614363307182, "params": {"KC_size": 1882, "percent_hash": 12, "proj_size": 8, "topword": 76}}
{"target": 0.4348219674109837, "params": {"KC_size": 3593, "percent_hash": 14, "proj_size": 4, "topword": 45}}
{"target": 0.4251659625829813, "params": {"KC_size": 3125, "percent_hash": 6, "proj_size": 9, "topword": 54}}
{"target": 0.4296922148461074, "params": {"KC_size": 2830, "percent_hash": 12, "proj_size": 9, "topword": 93}}
{"target": 0.33735666867833436, "params": {"KC_size": 3055, "percent_hash": 11, "proj_size": 8, "topword": 33}}
{"target": 0.4275799637899819, "params": {"KC_size": 3379, "percent_hash": 8, "proj_size": 8, "topword": 19}}
{"target": 0.2637296318648159, "params": {"KC_size": 861, "percent_hash": 14, "proj_size": 8, "topword": 48}}
{"target": 0.3732649366324683, "params": {"KC_size": 4807, "percent_hash": 11, "proj_size": 7, "topword": 61}}
{"target": 0.4511164755582378, "params": {"KC_size": 4760, "percent_hash": 6, "proj_size": 7, "topword": 66}}
{"target": 0.45654797827398913, "params": {"KC_size": 4150, "percent_hash": 17, "proj_size": 5, "topword": 82}}
{"target": 0.45986722993361495, "params": {"KC_size": 4762, "percent_hash": 7, "proj_size": 4, "topword": 68}}
{"target": 0.42335546167773086, "params": {"KC_size": 4769, "percent_hash": 4, "proj_size": 7, "topword": 24}}
{"target": 0.46620398310199157, "params": {"KC_size": 4774, "percent_hash": 5, "proj_size": 6, "topword": 18}}
{"target": 0.46891973445986723, "params": {"KC_size": 4772, "percent_hash": 7, "proj_size": 4, "topword": 16}}
{"target": 0.47223898611949305, "params": {"KC_size": 4773, "percent_hash": 10, "proj_size": 7, "topword": 23}}
{"target": 0.38624019312009655, "params": {"KC_size": 4776, "percent_hash": 10, "proj_size": 8, "topword": 22}}
{"target": 0.4499094749547375, "params": {"KC_size": 4770, "percent_hash": 2, "proj_size": 4, "topword": 18}}
{"target": 0.31774290887145445, "params": {"KC_size": 4772, "percent_hash": 8, "proj_size": 9, "topword": 18}}
{"target": 0.45594447797223897, "params": {"KC_size": 4762, "percent_hash": 4, "proj_size": 5, "topword": 66}}
{"target": 0.4067592033796017, "params": {"KC_size": 4772, "percent_hash": 8, "proj_size": 8, "topword": 25}}
{"target": 0.46499698249849125, "params": {"KC_size": 4775, "percent_hash": 6, "proj_size": 5, "topword": 21}}
{"target": 0.4550392275196138, "params": {"KC_size": 4775, "percent_hash": 4, "proj_size": 5, "topword": 22}}
{"target": 0.42727821363910684, "params": {"KC_size": 4773, "percent_hash": 2, "proj_size": 4, "topword": 21}}
{"target": 0.468014484007242, "params": {"KC_size": 4151, "percent_hash": 16, "proj_size": 6, "topword": 80}}
{"target": 0.45986722993361495, "params": {"KC_size": 4778, "percent_hash": 6, "proj_size": 5, "topword": 15}}
{"target": 0.3491249245624623, "params": {"KC_size": 4149, "percent_hash": 20, "proj_size": 8, "topword": 81}}
{"target": 0.452021726010863, "params": {"KC_size": 4773, "percent_hash": 4, "proj_size": 5, "topword": 15}}
{"target": 0.4734459867229934, "params": {"KC_size": 4216, "percent_hash": 19, "proj_size": 5, "topword": 13}}
{"target": 0.4659022329511165, "params": {"KC_size": 4770, "percent_hash": 14, "proj_size": 5, "topword": 23}}
{"target": 0.4532287266143633, "params": {"KC_size": 4154, "percent_hash": 13, "proj_size": 10, "topword": 79}}
{"target": 0.46378998189499093, "params": {"KC_size": 4771, "percent_hash": 13, "proj_size": 6, "topword": 22}}
{"target": 0.46741098370549183, "params": {"KC_size": 4771, "percent_hash": 10, "proj_size": 4, "topword": 24}}
{"target": 0.4484007242003621, "params": {"KC_size": 4761, "percent_hash": 4, "proj_size": 6, "topword": 70}}
{"target": 0.3983101991550996, "params": {"KC_size": 4770, "percent_hash": 15, "proj_size": 9, "topword": 26}}
{"target": 0.45292697646348823, "params": {"KC_size": 4154, "percent_hash": 16, "proj_size": 7, "topword": 77}}
{"target": 0.3995171997585999, "params": {"KC_size": 4219, "percent_hash": 14, "proj_size": 7, "topword": 12}}
{"target": 0.44900422450211225, "params": {"KC_size": 4152, "percent_hash": 10, "proj_size": 6, "topword": 79}}
{"target": 0.4604707302353651, "params": {"KC_size": 4769, "percent_hash": 9, "proj_size": 5, "topword": 22}}
{"target": 0.4408569704284852, "params": {"KC_size": 4156, "percent_hash": 15, "proj_size": 7, "topword": 83}}
{"target": 0.4511164755582378, "params": {"KC_size": 4147, "percent_hash": 13, "proj_size": 7, "topword": 79}}
{"target": 0.42697646348823176, "params": {"KC_size": 4814, "percent_hash": 10, "proj_size": 7, "topword": 59}}
{"target": 0.4692214846107423, "params": {"KC_size": 4762, "percent_hash": 8, "proj_size": 6, "topword": 72}}
{"target": 0.3684369342184671, "params": {"KC_size": 4773, "percent_hash": 12, "proj_size": 4, "topword": 23}}
{"target": 0.46982498491249247, "params": {"KC_size": 4813, "percent_hash": 13, "proj_size": 4, "topword": 56}}
{"target": 0.46891973445986723, "params": {"KC_size": 4816, "percent_hash": 17, "proj_size": 4, "topword": 56}}
{"target": 0.4447797223898612, "params": {"KC_size": 4812, "percent_hash": 16, "proj_size": 4, "topword": 57}}
{"target": 0.45896197948098977, "params": {"KC_size": 4770, "percent_hash": 16, "proj_size": 6, "topword": 20}}
{"target": 0.40826795413397704, "params": {"KC_size": 4815, "percent_hash": 15, "proj_size": 8, "topword": 55}}
{"target": 0.44689197344598675, "params": {"KC_size": 4770, "percent_hash": 14, "proj_size": 8, "topword": 20}}
{"target": 0.46499698249849125, "params": {"KC_size": 4815, "percent_hash": 12, "proj_size": 4, "topword": 60}}
{"target": 0.3889559444779722, "params": {"KC_size": 4778, "percent_hash": 4, "proj_size": 7, "topword": 20}}
{"target": 0.331925165962583, "params": {"KC_size": 4767, "percent_hash": 12, "proj_size": 8, "topword": 23}}
{"target": 0.4471937235968618, "params": {"KC_size": 4762, "percent_hash": 6, "proj_size": 7, "topword": 71}}
{"target": 0.4785757392878696, "params": {"KC_size": 4776, "percent_hash": 9, "proj_size": 5, "topword": 13}}
{"target": 0.47103198551599273, "params": {"KC_size": 4772, "percent_hash": 9, "proj_size": 6, "topword": 11}}
{"target": 0.4755582377791189, "params": {"KC_size": 4768, "percent_hash": 7, "proj_size": 4, "topword": 19}}
{"target": 0.436028968014484, "params": {"KC_size": 4813, "percent_hash": 14, "proj_size": 6, "topword": 59}}
{"target": 0.4659022329511165, "params": {"KC_size": 4152, "percent_hash": 12, "proj_size": 7, "topword": 82}}
{"target": 0.46167773083886543, "params": {"KC_size": 4761, "percent_hash": 11, "proj_size": 5, "topword": 68}}
{"target": 0.45051297525648765, "params": {"KC_size": 4774, "percent_hash": 11, "proj_size": 5, "topword": 11}}
{"target": 0.33101991550995774, "params": {"KC_size": 4762, "percent_hash": 10, "proj_size": 9, "topword": 67}}
{"target": 0.4532287266143633, "params": {"KC_size": 4814, "percent_hash": 10, "proj_size": 4, "topword": 64}}
{"target": 0.4631864815932408, "params": {"KC_size": 4154, "percent_hash": 14, "proj_size": 5, "topword": 82}}
{"target": 0.4556427278213639, "params": {"KC_size": 4758, "percent_hash": 4, "proj_size": 5, "topword": 62}}
{"target": 0.4553409776704888, "params": {"KC_size": 4780, "percent_hash": 6, "proj_size": 4, "topword": 11}}
{"target": 0.4508147254073627, "params": {"KC_size": 4216, "percent_hash": 18, "proj_size": 5, "topword": 18}}
{"target": 0.4532287266143633, "params": {"KC_size": 4155, "percent_hash": 13, "proj_size": 7, "topword": 77}}
{"target": 0.3983101991550996, "params": {"KC_size": 4216, "percent_hash": 19, "proj_size": 10, "topword": 14}}
{"target": 0.38774894387447195, "params": {"KC_size": 4760, "percent_hash": 6, "proj_size": 5, "topword": 73}}
{"target": 0.46741098370549183, "params": {"KC_size": 4811, "percent_hash": 12, "proj_size": 5, "topword": 63}}
{"target": 0.47073023536511766, "params": {"KC_size": 4770, "percent_hash": 7, "proj_size": 4, "topword": 24}}
{"target": 0.4508147254073627, "params": {"KC_size": 4151, "percent_hash": 14, "proj_size": 5, "topword": 81}}
{"target": 0.4728424864212432, "params": {"KC_size": 4152, "percent_hash": 15, "proj_size": 4, "topword": 86}}
{"target": 0.4556427278213639, "params": {"KC_size": 4773, "percent_hash": 11, "proj_size": 9, "topword": 12}}
{"target": 0.46378998189499093, "params": {"KC_size": 4819, "percent_hash": 13, "proj_size": 7, "topword": 62}}
{"target": 0.46650573325286665, "params": {"KC_size": 4146, "percent_hash": 12, "proj_size": 6, "topword": 83}}
{"target": 0.46258298129149067, "params": {"KC_size": 4818, "percent_hash": 13, "proj_size": 5, "topword": 58}}
{"target": 0.45745322872661437, "params": {"KC_size": 4822, "percent_hash": 11, "proj_size": 4, "topword": 63}}
{"target": 0.44870247435123717, "params": {"KC_size": 4145, "percent_hash": 8, "proj_size": 4, "topword": 85}}
{"target": 0.4677127338563669, "params": {"KC_size": 4762, "percent_hash": 13, "proj_size": 5, "topword": 73}}
{"target": 0.40434520217260106, "params": {"KC_size": 4144, "percent_hash": 10, "proj_size": 8, "topword": 83}}
{"target": 0.452021726010863, "params": {"KC_size": 4149, "percent_hash": 15, "proj_size": 6, "topword": 86}}
{"target": 0.4517199758599879, "params": {"KC_size": 4155, "percent_hash": 16, "proj_size": 7, "topword": 89}}
{"target": 0.4396499698249849, "params": {"KC_size": 4151, "percent_hash": 17, "proj_size": 5, "topword": 90}}
{"target": 0.46016898008449003, "params": {"KC_size": 4214, "percent_hash": 20, "proj_size": 4, "topword": 11}}
{"target": 0.40736270368135186, "params": {"KC_size": 4763, "percent_hash": 11, "proj_size": 9, "topword": 73}}
{"target": 0.45956547978273987, "params": {"KC_size": 4762, "percent_hash": 11, "proj_size": 4, "topword": 71}}
{"target": 0.3563669281834641, "params": {"KC_size": 4819, "percent_hash": 12, "proj_size": 4, "topword": 67}}
{"target": 0.4296922148461074, "params": {"KC_size": 4769, "percent_hash": 11, "proj_size": 7, "topword": 11}}
{"target": 0.4828002414001207, "params": {"KC_size": 4760, "percent_hash": 13, "proj_size": 4, "topword": 70}}
{"target": 0.46529873264936633, "params": {"KC_size": 4783, "percent_hash": 9, "proj_size": 7, "topword": 15}}
{"target": 0.43059746529873266, "params": {"KC_size": 4820, "percent_hash": 17, "proj_size": 8, "topword": 61}}
{"target": 0.4619794809897405, "params": {"KC_size": 4150, "percent_hash": 11, "proj_size": 7, "topword": 84}}
{"target": 0.44870247435123717, "params": {"KC_size": 4776, "percent_hash": 4, "proj_size": 6, "topword": 13}}
{"target": 0.45775497887748945, "params": {"KC_size": 4757, "percent_hash": 13, "proj_size": 6, "topword": 70}}
{"target": 0.40766445383222694, "params": {"KC_size": 4756, "percent_hash": 17, "proj_size": 6, "topword": 70}}
{"target": 0.46529873264936633, "params": {"KC_size": 4779, "percent_hash": 13, "proj_size": 6, "topword": 15}}
{"target": 0.4568497284248642, "params": {"KC_size": 4784, "percent_hash": 7, "proj_size": 7, "topword": 11}}
{"target": 0.46107423053711527, "params": {"KC_size": 4776, "percent_hash": 8, "proj_size": 9, "topword": 13}}
{"target": 0.4788774894387447, "params": {"KC_size": 4818, "percent_hash": 14, "proj_size": 4, "topword": 53}}
{"target": 0.46258298129149067, "params": {"KC_size": 4819, "percent_hash": 8, "proj_size": 6, "topword": 52}}
{"target": 0.45775497887748945, "params": {"KC_size": 4155, "percent_hash": 11, "proj_size": 5, "topword": 84}}
{"target": 0.4315027157513579, "params": {"KC_size": 4777, "percent_hash": 12, "proj_size": 7, "topword": 11}}
{"target": 0.44689197344598675, "params": {"KC_size": 4776, "percent_hash": 14, "proj_size": 7, "topword": 16}}
{"target": 0.38805069402534703, "params": {"KC_size": 4773, "percent_hash": 6, "proj_size": 9, "topword": 11}}
{"target": 0.4767652383826192, "params": {"KC_size": 4820, "percent_hash": 16, "proj_size": 4, "topword": 51}}
{"target": 0.464091732045866, "params": {"KC_size": 4150, "percent_hash": 8, "proj_size": 5, "topword": 83}}
{"target": 0.45051297525648765, "params": {"KC_size": 4152, "percent_hash": 12, "proj_size": 5, "topword": 75}}
{"target": 0.3509354254677127, "params": {"KC_size": 4819, "percent_hash": 12, "proj_size": 9, "topword": 52}}
{"target": 0.4456849728424864, "params": {"KC_size": 4779, "percent_hash": 7, "proj_size": 7, "topword": 13}}
{"target": 0.46348823174411585, "params": {"KC_size": 4821, "percent_hash": 17, "proj_size": 6, "topword": 54}}
{"target": 0.44176222088111045, "params": {"KC_size": 4151, "percent_hash": 9, "proj_size": 9, "topword": 83}}
{"target": 0.46137598068799035, "params": {"KC_size": 4773, "percent_hash": 5, "proj_size": 5, "topword": 19}}
{"target": 0.46167773083886543, "params": {"KC_size": 4821, "percent_hash": 13, "proj_size": 7, "topword": 60}}
{"target": 0.4643934821967411, "params": {"KC_size": 4821, "percent_hash": 15, "proj_size": 4, "topword": 50}}
{"target": 0.47042848521424263, "params": {"KC_size": 4153, "percent_hash": 13, "proj_size": 5, "topword": 89}}
{"target": 0.44749547374773685, "params": {"KC_size": 4156, "percent_hash": 12, "proj_size": 7, "topword": 90}}
{"target": 0.4064574532287266, "params": {"KC_size": 4779, "percent_hash": 12, "proj_size": 8, "topword": 16}}
{"target": 0.47404948702474353, "params": {"KC_size": 4774, "percent_hash": 8, "proj_size": 4, "topword": 14}}
{"target": 0.3983101991550996, "params": {"KC_size": 4821, "percent_hash": 12, "proj_size": 4, "topword": 57}}
{"target": 0.4592637296318648, "params": {"KC_size": 4150, "percent_hash": 12, "proj_size": 4, "topword": 85}}
{"target": 0.4351237175618588, "params": {"KC_size": 4819, "percent_hash": 5, "proj_size": 6, "topword": 52}}
{"target": 0.45292697646348823, "params": {"KC_size": 4148, "percent_hash": 14, "proj_size": 5, "topword": 90}}
{"target": 0.452021726010863, "params": {"KC_size": 4153, "percent_hash": 9, "proj_size": 5, "topword": 91}}
{"target": 0.4544357272178636, "params": {"KC_size": 4146, "percent_hash": 14, "proj_size": 4, "topword": 76}}
{"target": 0.46469523234761617, "params": {"KC_size": 4785, "percent_hash": 8, "proj_size": 5, "topword": 18}}
{"target": 0.4420639710319855, "params": {"KC_size": 4820, "percent_hash": 10, "proj_size": 6, "topword": 62}}
{"target": 0.46469523234761617, "params": {"KC_size": 4759, "percent_hash": 8, "proj_size": 4, "topword": 61}}
{"target": 0.45956547978273987, "params": {"KC_size": 4785, "percent_hash": 10, "proj_size": 7, "topword": 14}}
{"target": 0.46137598068799035, "params": {"KC_size": 4818, "percent_hash": 15, "proj_size": 4, "topword": 59}}
{"target": 0.4517199758599879, "params": {"KC_size": 4820, "percent_hash": 13, "proj_size": 10, "topword": 62}}
{"target": 0.46167773083886543, "params": {"KC_size": 4825, "percent_hash": 14, "proj_size": 6, "topword": 64}}
{"target": 0.4659022329511165, "params": {"KC_size": 4758, "percent_hash": 9, "proj_size": 5, "topword": 68}}
{"target": 0.42546771273385636, "params": {"KC_size": 4788, "percent_hash": 6, "proj_size": 5, "topword": 16}}
{"target": 0.46891973445986723, "params": {"KC_size": 4784, "percent_hash": 13, "proj_size": 4, "topword": 19}}
{"target": 0.37145443572721787, "params": {"KC_size": 4784, "percent_hash": 12, "proj_size": 6, "topword": 21}}
{"target": 0.4815932407966204, "params": {"KC_size": 4827, "percent_hash": 13, "proj_size": 9, "topword": 61}}
{"target": 0.38292094146047073, "params": {"KC_size": 4828, "percent_hash": 10, "proj_size": 8, "topword": 63}}
{"target": 0.45051297525648765, "params": {"KC_size": 4150, "percent_hash": 8, "proj_size": 6, "topword": 88}}
{"target": 0.46861798430899215, "params": {"KC_size": 4818, "percent_hash": 19, "proj_size": 5, "topword": 50}}
{"target": 0.452021726010863, "params": {"KC_size": 4769, "percent_hash": 17, "proj_size": 7, "topword": 16}}
{"target": 0.46620398310199157, "params": {"KC_size": 4830, "percent_hash": 15, "proj_size": 10, "topword": 62}}
{"target": 0.4266747133373567, "params": {"KC_size": 4824, "percent_hash": 14, "proj_size": 7, "topword": 62}}
{"target": 0.4423657211828606, "params": {"KC_size": 4827, "percent_hash": 11, "proj_size": 8, "topword": 57}}
{"target": 0.46469523234761617, "params": {"KC_size": 4831, "percent_hash": 15, "proj_size": 6, "topword": 58}}
{"target": 0.4070609535304768, "params": {"KC_size": 4782, "percent_hash": 7, "proj_size": 5, "topword": 14}}
{"target": 0.46167773083886543, "params": {"KC_size": 4146, "percent_hash": 13, "proj_size": 5, "topword": 85}}
{"target": 0.46167773083886543, "params": {"KC_size": 4155, "percent_hash": 17, "proj_size": 5, "topword": 80}}
{"target": 0.42908871454435726, "params": {"KC_size": 4763, "percent_hash": 15, "proj_size": 7, "topword": 69}}
{"target": 0.42214846107423054, "params": {"KC_size": 4823, "percent_hash": 18, "proj_size": 5, "topword": 51}}
{"target": 0.4571514785757393, "params": {"KC_size": 4785, "percent_hash": 17, "proj_size": 6, "topword": 19}}
{"target": 0.4713337356668678, "params": {"KC_size": 4771, "percent_hash": 19, "proj_size": 4, "topword": 24}}
{"target": 0.4462884731442366, "params": {"KC_size": 4784, "percent_hash": 17, "proj_size": 7, "topword": 16}}
{"target": 0.46167773083886543, "params": {"KC_size": 4146, "percent_hash": 14, "proj_size": 4, "topword": 82}}
{"target": 0.464091732045866, "params": {"KC_size": 4828, "percent_hash": 14, "proj_size": 5, "topword": 57}}
{"target": 0.45413397706698855, "params": {"KC_size": 4151, "percent_hash": 11, "proj_size": 8, "topword": 86}}
{"target": 0.4052504526252263, "params": {"KC_size": 4828, "percent_hash": 17, "proj_size": 10, "topword": 63}}
