{"target": 0.6533712428919578, "params": {"KC_size": 1362, "percent_hash": 13, "proj_size": 7, "topword": 81}}
{"target": 0.6802599512591389, "params": {"KC_size": 4010, "percent_hash": 7, "proj_size": 6, "topword": 82}}
{"target": 0.691267262388302, "params": {"KC_size": 4812, "percent_hash": 18, "proj_size": 6, "topword": 55}}
{"target": 0.6915109666937449, "params": {"KC_size": 3576, "percent_hash": 15, "proj_size": 6, "topword": 61}}
{"target": 0.6391551584077986, "params": {"KC_size": 2764, "percent_hash": 2, "proj_size": 9, "topword": 89}}
{"target": 0.6704305442729488, "params": {"KC_size": 3621, "percent_hash": 6, "proj_size": 8, "topword": 51}}
{"target": 0.7123476848090984, "params": {"KC_size": 4811, "percent_hash": 19, "proj_size": 7, "topword": 57}}
{"target": 0.657676685621446, "params": {"KC_size": 3576, "percent_hash": 19, "proj_size": 9, "topword": 64}}
{"target": 0.6692526401299757, "params": {"KC_size": 4812, "percent_hash": 18, "proj_size": 9, "topword": 53}}
{"target": 0.6629163281884647, "params": {"KC_size": 4809, "percent_hash": 14, "proj_size": 5, "topword": 58}}
{"target": 0.6682778229082047, "params": {"KC_size": 3574, "percent_hash": 12, "proj_size": 8, "topword": 63}}
{"target": 0.6681559707554834, "params": {"KC_size": 4013, "percent_hash": 8, "proj_size": 8, "topword": 85}}
{"target": 0.6121039805036556, "params": {"KC_size": 4810, "percent_hash": 17, "proj_size": 10, "topword": 57}}
{"target": 0.6568237205523964, "params": {"KC_size": 3573, "percent_hash": 13, "proj_size": 7, "topword": 61}}
{"target": 0.6699431356620633, "params": {"KC_size": 4809, "percent_hash": 17, "proj_size": 6, "topword": 53}}
{"target": 0.7306661251015434, "params": {"KC_size": 3573, "percent_hash": 18, "proj_size": 4, "topword": 62}}
{"target": 0.6826969943135662, "params": {"KC_size": 4008, "percent_hash": 5, "proj_size": 7, "topword": 79}}
{"target": 0.6614947197400487, "params": {"KC_size": 4011, "percent_hash": 5, "proj_size": 8, "topword": 77}}
{"target": 0.715353371242892, "params": {"KC_size": 4805, "percent_hash": 19, "proj_size": 4, "topword": 55}}
{"target": 0.7401299756295694, "params": {"KC_size": 4009, "percent_hash": 8, "proj_size": 5, "topword": 79}}
{"target": 0.7090576766856215, "params": {"KC_size": 4007, "percent_hash": 3, "proj_size": 5, "topword": 82}}
{"target": 0.6971567831031681, "params": {"KC_size": 3574, "percent_hash": 15, "proj_size": 5, "topword": 57}}
{"target": 0.6980909829406986, "params": {"KC_size": 4806, "percent_hash": 15, "proj_size": 5, "topword": 54}}
{"target": 0.7136880584890333, "params": {"KC_size": 3567, "percent_hash": 17, "proj_size": 5, "topword": 61}}
{"target": 0.701868399675061, "params": {"KC_size": 4006, "percent_hash": 7, "proj_size": 7, "topword": 76}}
{"target": 0.7422826969943135, "params": {"KC_size": 4806, "percent_hash": 12, "proj_size": 5, "topword": 55}}
{"target": 0.6816815597075548, "params": {"KC_size": 4808, "percent_hash": 7, "proj_size": 6, "topword": 51}}
{"target": 0.7004874086108855, "params": {"KC_size": 3566, "percent_hash": 15, "proj_size": 6, "topword": 60}}
{"target": 0.7145004061738425, "params": {"KC_size": 3567, "percent_hash": 16, "proj_size": 6, "topword": 59}}
{"target": 0.7154752233956134, "params": {"KC_size": 4006, "percent_hash": 10, "proj_size": 6, "topword": 77}}
{"target": 0.7084484159220146, "params": {"KC_size": 4002, "percent_hash": 10, "proj_size": 7, "topword": 81}}
{"target": 0.6596263200649878, "params": {"KC_size": 4002, "percent_hash": 12, "proj_size": 8, "topword": 78}}
{"target": 0.6600324939073923, "params": {"KC_size": 4000, "percent_hash": 9, "proj_size": 9, "topword": 84}}
{"target": 0.7333468724614134, "params": {"KC_size": 3575, "percent_hash": 18, "proj_size": 5, "topword": 60}}
{"target": 0.7208367181153534, "params": {"KC_size": 4806, "percent_hash": 9, "proj_size": 5, "topword": 55}}
{"target": 0.6981722177091795, "params": {"KC_size": 4801, "percent_hash": 15, "proj_size": 4, "topword": 56}}
{"target": 0.7355808285946385, "params": {"KC_size": 3568, "percent_hash": 19, "proj_size": 4, "topword": 57}}
{"target": 0.7060113728675873, "params": {"KC_size": 4004, "percent_hash": 5, "proj_size": 5, "topword": 85}}
{"target": 0.6591795288383429, "params": {"KC_size": 4013, "percent_hash": 14, "proj_size": 6, "topword": 79}}
{"target": 0.7376523151909018, "params": {"KC_size": 4005, "percent_hash": 10, "proj_size": 5, "topword": 82}}
{"target": 0.7198212835093419, "params": {"KC_size": 3572, "percent_hash": 17, "proj_size": 7, "topword": 55}}
{"target": 0.7226238830219334, "params": {"KC_size": 3579, "percent_hash": 18, "proj_size": 4, "topword": 57}}
{"target": 0.6957351746547522, "params": {"KC_size": 3578, "percent_hash": 17, "proj_size": 5, "topword": 54}}
{"target": 0.6481316003249391, "params": {"KC_size": 4804, "percent_hash": 11, "proj_size": 9, "topword": 51}}
{"target": 0.7185215272136475, "params": {"KC_size": 3579, "percent_hash": 19, "proj_size": 4, "topword": 61}}
{"target": 0.7020308692120227, "params": {"KC_size": 4801, "percent_hash": 9, "proj_size": 5, "topword": 58}}
{"target": 0.7262388302193339, "params": {"KC_size": 4004, "percent_hash": 5, "proj_size": 7, "topword": 81}}
{"target": 0.7276198212835093, "params": {"KC_size": 3569, "percent_hash": 19, "proj_size": 9, "topword": 53}}
{"target": 0.7212835093419984, "params": {"KC_size": 3574, "percent_hash": 20, "proj_size": 5, "topword": 58}}
{"target": 0.7281884646628757, "params": {"KC_size": 3565, "percent_hash": 15, "proj_size": 5, "topword": 56}}
{"target": 0.6962632006498781, "params": {"KC_size": 3555, "percent_hash": 15, "proj_size": 7, "topword": 58}}
{"target": 0.6489845653939886, "params": {"KC_size": 3564, "percent_hash": 20, "proj_size": 9, "topword": 52}}
{"target": 0.6573923639317628, "params": {"KC_size": 3571, "percent_hash": 14, "proj_size": 8, "topword": 50}}
{"target": 0.7253858651502842, "params": {"KC_size": 4006, "percent_hash": 8, "proj_size": 4, "topword": 80}}
{"target": 0.7199025182778229, "params": {"KC_size": 4008, "percent_hash": 11, "proj_size": 4, "topword": 74}}
{"target": 0.6903330625507718, "params": {"KC_size": 3583, "percent_hash": 16, "proj_size": 7, "topword": 59}}
{"target": 0.6899675060926076, "params": {"KC_size": 3999, "percent_hash": 4, "proj_size": 7, "topword": 75}}
{"target": 0.7001218521527214, "params": {"KC_size": 3571, "percent_hash": 18, "proj_size": 8, "topword": 61}}
{"target": 0.6960194963444353, "params": {"KC_size": 3573, "percent_hash": 19, "proj_size": 9, "topword": 54}}
{"target": 0.7219333874898457, "params": {"KC_size": 3562, "percent_hash": 19, "proj_size": 5, "topword": 56}}
