{"target": 0.44761904761904764, "params": {"KC_size": 1362, "percent_hash": 13, "proj_size": 7, "topword": 81}}
{"target": 0.6335403726708074, "params": {"KC_size": 4010, "percent_hash": 7, "proj_size": 6, "topword": 82}}
{"target": 0.6314699792960663, "params": {"KC_size": 4812, "percent_hash": 18, "proj_size": 6, "topword": 55}}
{"target": 0.6198757763975156, "params": {"KC_size": 3576, "percent_hash": 15, "proj_size": 6, "topword": 61}}
{"target": 0.5250517598343686, "params": {"KC_size": 2764, "percent_hash": 2, "proj_size": 9, "topword": 89}}
{"target": 0.5507246376811594, "params": {"KC_size": 4410, "percent_hash": 20, "proj_size": 10, "topword": 10}}
{"target": 0.6244306418219462, "params": {"KC_size": 4811, "percent_hash": 19, "proj_size": 7, "topword": 57}}
{"target": 0.6559006211180124, "params": {"KC_size": 4817, "percent_hash": 2, "proj_size": 4, "topword": 26}}
{"target": 0.40538302277432714, "params": {"KC_size": 4858, "percent_hash": 3, "proj_size": 7, "topword": 40}}
{"target": 0.6455486542443064, "params": {"KC_size": 4790, "percent_hash": 13, "proj_size": 6, "topword": 30}}
{"target": 0.5142857142857142, "params": {"KC_size": 3973, "percent_hash": 15, "proj_size": 9, "topword": 93}}
{"target": 0.6488612836438924, "params": {"KC_size": 4045, "percent_hash": 9, "proj_size": 5, "topword": 75}}
{"target": 0.6335403726708074, "params": {"KC_size": 4024, "percent_hash": 2, "proj_size": 4, "topword": 47}}
{"target": 0.38178053830227743, "params": {"KC_size": 4073, "percent_hash": 3, "proj_size": 10, "topword": 38}}
{"target": 0.6434782608695652, "params": {"KC_size": 4035, "percent_hash": 18, "proj_size": 5, "topword": 100}}
{"target": 0.6480331262939959, "params": {"KC_size": 3991, "percent_hash": 20, "proj_size": 4, "topword": 28}}
{"target": 0.5093167701863354, "params": {"KC_size": 3954, "percent_hash": 12, "proj_size": 9, "topword": 18}}
{"target": 0.6484472049689441, "params": {"KC_size": 4006, "percent_hash": 20, "proj_size": 4, "topword": 54}}
{"target": 0.5995859213250517, "params": {"KC_size": 3527, "percent_hash": 16, "proj_size": 7, "topword": 45}}
{"target": 0.4600414078674948, "params": {"KC_size": 3577, "percent_hash": 18, "proj_size": 9, "topword": 12}}
{"target": 0.4480331262939959, "params": {"KC_size": 3549, "percent_hash": 6, "proj_size": 9, "topword": 93}}
{"target": 0.643064182194617, "params": {"KC_size": 4018, "percent_hash": 14, "proj_size": 5, "topword": 17}}
{"target": 0.515527950310559, "params": {"KC_size": 4768, "percent_hash": 2, "proj_size": 8, "topword": 65}}
{"target": 0.6169772256728778, "params": {"KC_size": 4071, "percent_hash": 3, "proj_size": 6, "topword": 100}}
{"target": 0.6331262939958592, "params": {"KC_size": 4801, "percent_hash": 19, "proj_size": 6, "topword": 13}}
{"target": 0.6165631469979296, "params": {"KC_size": 3621, "percent_hash": 15, "proj_size": 6, "topword": 73}}
{"target": 0.6360248447204969, "params": {"KC_size": 3664, "percent_hash": 2, "proj_size": 5, "topword": 98}}
{"target": 0.639751552795031, "params": {"KC_size": 3672, "percent_hash": 6, "proj_size": 5, "topword": 56}}
{"target": 0.641407867494824, "params": {"KC_size": 3704, "percent_hash": 11, "proj_size": 4, "topword": 80}}
{"target": 0.6190476190476191, "params": {"KC_size": 3714, "percent_hash": 2, "proj_size": 6, "topword": 39}}
{"target": 0.3544513457556936, "params": {"KC_size": 3749, "percent_hash": 2, "proj_size": 10, "topword": 80}}
{"target": 0.6227743271221532, "params": {"KC_size": 3675, "percent_hash": 6, "proj_size": 6, "topword": 15}}
{"target": 0.5826086956521739, "params": {"KC_size": 3472, "percent_hash": 16, "proj_size": 9, "topword": 28}}
{"target": 0.42318840579710143, "params": {"KC_size": 3385, "percent_hash": 16, "proj_size": 10, "topword": 37}}
{"target": 0.6107660455486542, "params": {"KC_size": 3713, "percent_hash": 20, "proj_size": 4, "topword": 10}}
{"target": 0.34285714285714286, "params": {"KC_size": 807, "percent_hash": 15, "proj_size": 7, "topword": 56}}
{"target": 0.5354037267080746, "params": {"KC_size": 2101, "percent_hash": 13, "proj_size": 4, "topword": 84}}
{"target": 0.5043478260869565, "params": {"KC_size": 1744, "percent_hash": 13, "proj_size": 9, "topword": 11}}
{"target": 0.5668737060041408, "params": {"KC_size": 2437, "percent_hash": 11, "proj_size": 5, "topword": 10}}
{"target": 0.27163561076604553, "params": {"KC_size": 2368, "percent_hash": 14, "proj_size": 9, "topword": 90}}
{"target": 0.5797101449275363, "params": {"KC_size": 2527, "percent_hash": 10, "proj_size": 5, "topword": 15}}
{"target": 0.556935817805383, "params": {"KC_size": 2575, "percent_hash": 18, "proj_size": 5, "topword": 80}}
{"target": 0.5730848861283644, "params": {"KC_size": 3061, "percent_hash": 11, "proj_size": 10, "topword": 16}}
{"target": 0.5850931677018634, "params": {"KC_size": 3087, "percent_hash": 12, "proj_size": 9, "topword": 98}}
{"target": 0.6302277432712216, "params": {"KC_size": 3140, "percent_hash": 8, "proj_size": 4, "topword": 47}}
{"target": 0.5892339544513457, "params": {"KC_size": 3161, "percent_hash": 3, "proj_size": 4, "topword": 94}}
{"target": 0.47701863354037266, "params": {"KC_size": 3187, "percent_hash": 6, "proj_size": 10, "topword": 27}}
{"target": 0.589648033126294, "params": {"KC_size": 3101, "percent_hash": 5, "proj_size": 8, "topword": 51}}
{"target": 0.6182194616977226, "params": {"KC_size": 3011, "percent_hash": 17, "proj_size": 6, "topword": 86}}
{"target": 0.5354037267080746, "params": {"KC_size": 2980, "percent_hash": 2, "proj_size": 9, "topword": 44}}
{"target": 0.1606625258799172, "params": {"KC_size": 502, "percent_hash": 18, "proj_size": 10, "topword": 14}}
{"target": 0.3929606625258799, "params": {"KC_size": 1096, "percent_hash": 9, "proj_size": 9, "topword": 11}}
{"target": 0.5631469979296067, "params": {"KC_size": 2636, "percent_hash": 12, "proj_size": 10, "topword": 10}}
{"target": 0.6149068322981367, "params": {"KC_size": 4526, "percent_hash": 6, "proj_size": 8, "topword": 97}}
{"target": 0.6459627329192547, "params": {"KC_size": 4551, "percent_hash": 17, "proj_size": 6, "topword": 36}}
{"target": 0.5527950310559007, "params": {"KC_size": 4590, "percent_hash": 8, "proj_size": 9, "topword": 73}}
{"target": 0.5196687370600414, "params": {"KC_size": 4502, "percent_hash": 6, "proj_size": 8, "topword": 41}}
{"target": 0.6778467908902691, "params": {"KC_size": 4591, "percent_hash": 20, "proj_size": 4, "topword": 10}}
{"target": 0.6587991718426501, "params": {"KC_size": 4638, "percent_hash": 7, "proj_size": 5, "topword": 13}}
{"target": 0.653416149068323, "params": {"KC_size": 4677, "percent_hash": 20, "proj_size": 5, "topword": 43}}
{"target": 0.6347826086956522, "params": {"KC_size": 4707, "percent_hash": 18, "proj_size": 6, "topword": 10}}
{"target": 0.641407867494824, "params": {"KC_size": 4672, "percent_hash": 2, "proj_size": 4, "topword": 100}}
{"target": 0.603312629399586, "params": {"KC_size": 4292, "percent_hash": 8, "proj_size": 7, "topword": 99}}
{"target": 0.641407867494824, "params": {"KC_size": 4280, "percent_hash": 4, "proj_size": 5, "topword": 24}}
{"target": 0.6505175983436853, "params": {"KC_size": 4233, "percent_hash": 20, "proj_size": 4, "topword": 55}}
{"target": 0.48074534161490684, "params": {"KC_size": 4215, "percent_hash": 3, "proj_size": 8, "topword": 13}}
{"target": 0.5602484472049689, "params": {"KC_size": 4226, "percent_hash": 2, "proj_size": 10, "topword": 96}}
{"target": 0.6530020703933748, "params": {"KC_size": 4325, "percent_hash": 20, "proj_size": 4, "topword": 46}}
{"target": 0.601656314699793, "params": {"KC_size": 4368, "percent_hash": 17, "proj_size": 7, "topword": 95}}
{"target": 0.45175983436853, "params": {"KC_size": 4276, "percent_hash": 20, "proj_size": 10, "topword": 58}}
{"target": 0.579296066252588, "params": {"KC_size": 4327, "percent_hash": 8, "proj_size": 9, "topword": 12}}
{"target": 0.4335403726708075, "params": {"KC_size": 4645, "percent_hash": 2, "proj_size": 10, "topword": 56}}
{"target": 0.6211180124223602, "params": {"KC_size": 4676, "percent_hash": 17, "proj_size": 7, "topword": 14}}
{"target": 0.6641821946169773, "params": {"KC_size": 4703, "percent_hash": 20, "proj_size": 4, "topword": 67}}
{"target": 0.6215320910973084, "params": {"KC_size": 4561, "percent_hash": 3, "proj_size": 6, "topword": 13}}
{"target": 0.6252587991718427, "params": {"KC_size": 4708, "percent_hash": 7, "proj_size": 7, "topword": 42}}
{"target": 0.6633540372670808, "params": {"KC_size": 4709, "percent_hash": 4, "proj_size": 5, "topword": 98}}
{"target": 0.6401656314699793, "params": {"KC_size": 4331, "percent_hash": 2, "proj_size": 5, "topword": 75}}
{"target": 0.6753623188405797, "params": {"KC_size": 4367, "percent_hash": 17, "proj_size": 4, "topword": 43}}
{"target": 0.42194616977225674, "params": {"KC_size": 4396, "percent_hash": 2, "proj_size": 8, "topword": 61}}
{"target": 0.6488612836438924, "params": {"KC_size": 4346, "percent_hash": 4, "proj_size": 5, "topword": 47}}
{"target": 0.4124223602484472, "params": {"KC_size": 4190, "percent_hash": 19, "proj_size": 7, "topword": 67}}
{"target": 0.6737060041407867, "params": {"KC_size": 4617, "percent_hash": 20, "proj_size": 4, "topword": 10}}
{"target": 0.6484472049689441, "params": {"KC_size": 4364, "percent_hash": 20, "proj_size": 4, "topword": 15}}
{"target": 0.4492753623188406, "params": {"KC_size": 1566, "percent_hash": 3, "proj_size": 9, "topword": 93}}
{"target": 0.4910973084886128, "params": {"KC_size": 1914, "percent_hash": 3, "proj_size": 10, "topword": 98}}
{"target": 0.5490683229813664, "params": {"KC_size": 2218, "percent_hash": 3, "proj_size": 7, "topword": 11}}
{"target": 0.3196687370600414, "params": {"KC_size": 972, "percent_hash": 14, "proj_size": 6, "topword": 99}}
{"target": 0.650103519668737, "params": {"KC_size": 4997, "percent_hash": 10, "proj_size": 5, "topword": 99}}
{"target": 0.6285714285714286, "params": {"KC_size": 4991, "percent_hash": 8, "proj_size": 7, "topword": 55}}
{"target": 0.6695652173913044, "params": {"KC_size": 4955, "percent_hash": 20, "proj_size": 4, "topword": 92}}
{"target": 0.6173913043478261, "params": {"KC_size": 4949, "percent_hash": 17, "proj_size": 6, "topword": 52}}
{"target": 0.4331262939958592, "params": {"KC_size": 4917, "percent_hash": 9, "proj_size": 6, "topword": 98}}
{"target": 0.5262939958592132, "params": {"KC_size": 4985, "percent_hash": 17, "proj_size": 6, "topword": 11}}
{"target": 0.3921325051759834, "params": {"KC_size": 4966, "percent_hash": 2, "proj_size": 8, "topword": 79}}
{"target": 0.6778467908902691, "params": {"KC_size": 4687, "percent_hash": 6, "proj_size": 4, "topword": 78}}
{"target": 0.505175983436853, "params": {"KC_size": 4691, "percent_hash": 20, "proj_size": 10, "topword": 97}}
{"target": 0.6028985507246377, "params": {"KC_size": 4718, "percent_hash": 3, "proj_size": 8, "topword": 74}}
{"target": 0.43643892339544516, "params": {"KC_size": 4349, "percent_hash": 20, "proj_size": 10, "topword": 34}}
{"target": 0.6389233954451345, "params": {"KC_size": 4687, "percent_hash": 6, "proj_size": 6, "topword": 57}}
{"target": 0.6712215320910974, "params": {"KC_size": 4601, "percent_hash": 3, "proj_size": 4, "topword": 11}}
{"target": 0.6749482401656315, "params": {"KC_size": 4603, "percent_hash": 14, "proj_size": 4, "topword": 24}}
{"target": 0.6385093167701863, "params": {"KC_size": 4577, "percent_hash": 14, "proj_size": 6, "topword": 24}}
{"target": 0.6182194616977226, "params": {"KC_size": 4356, "percent_hash": 11, "proj_size": 8, "topword": 65}}
{"target": 0.4575569358178054, "params": {"KC_size": 4026, "percent_hash": 20, "proj_size": 10, "topword": 70}}
{"target": 0.631055900621118, "params": {"KC_size": 4619, "percent_hash": 2, "proj_size": 4, "topword": 18}}
{"target": 0.6012422360248447, "params": {"KC_size": 4007, "percent_hash": 16, "proj_size": 8, "topword": 37}}
{"target": 0.6153209109730848, "params": {"KC_size": 4316, "percent_hash": 5, "proj_size": 7, "topword": 52}}
{"target": 0.6157349896480331, "params": {"KC_size": 4380, "percent_hash": 17, "proj_size": 6, "topword": 28}}
{"target": 0.6368530020703934, "params": {"KC_size": 3679, "percent_hash": 17, "proj_size": 5, "topword": 77}}
{"target": 0.3813664596273292, "params": {"KC_size": 4817, "percent_hash": 19, "proj_size": 10, "topword": 33}}
{"target": 0.662111801242236, "params": {"KC_size": 4700, "percent_hash": 3, "proj_size": 4, "topword": 65}}
{"target": 0.6194616977225673, "params": {"KC_size": 4802, "percent_hash": 3, "proj_size": 6, "topword": 15}}
{"target": 0.6302277432712216, "params": {"KC_size": 4047, "percent_hash": 3, "proj_size": 6, "topword": 92}}
{"target": 0.6024844720496895, "params": {"KC_size": 4683, "percent_hash": 19, "proj_size": 8, "topword": 66}}
{"target": 0.46418219461697724, "params": {"KC_size": 4333, "percent_hash": 15, "proj_size": 7, "topword": 61}}
{"target": 0.6451345755693582, "params": {"KC_size": 4603, "percent_hash": 18, "proj_size": 5, "topword": 11}}
{"target": 0.6563146997929606, "params": {"KC_size": 4699, "percent_hash": 10, "proj_size": 4, "topword": 81}}
{"target": 0.4318840579710145, "params": {"KC_size": 4629, "percent_hash": 20, "proj_size": 9, "topword": 23}}
{"target": 0.6596273291925466, "params": {"KC_size": 4591, "percent_hash": 8, "proj_size": 4, "topword": 19}}
{"target": 0.6236024844720497, "params": {"KC_size": 4366, "percent_hash": 4, "proj_size": 7, "topword": 49}}
{"target": 0.5084886128364389, "params": {"KC_size": 4697, "percent_hash": 20, "proj_size": 8, "topword": 46}}
{"target": 0.4, "params": {"KC_size": 3693, "percent_hash": 13, "proj_size": 7, "topword": 68}}
{"target": 0.5354037267080746, "params": {"KC_size": 4697, "percent_hash": 3, "proj_size": 10, "topword": 76}}
{"target": 0.6641821946169773, "params": {"KC_size": 4592, "percent_hash": 20, "proj_size": 4, "topword": 22}}
{"target": 0.6600414078674949, "params": {"KC_size": 4582, "percent_hash": 19, "proj_size": 5, "topword": 11}}
{"target": 0.660455486542443, "params": {"KC_size": 4709, "percent_hash": 10, "proj_size": 4, "topword": 60}}
{"target": 0.48985507246376814, "params": {"KC_size": 4675, "percent_hash": 4, "proj_size": 8, "topword": 82}}
{"target": 0.65175983436853, "params": {"KC_size": 4696, "percent_hash": 13, "proj_size": 5, "topword": 63}}
{"target": 0.6426501035196688, "params": {"KC_size": 4690, "percent_hash": 16, "proj_size": 5, "topword": 75}}
{"target": 0.42028985507246375, "params": {"KC_size": 4603, "percent_hash": 2, "proj_size": 10, "topword": 22}}
{"target": 0.672463768115942, "params": {"KC_size": 4711, "percent_hash": 13, "proj_size": 4, "topword": 89}}
{"target": 0.674120082815735, "params": {"KC_size": 4711, "percent_hash": 16, "proj_size": 4, "topword": 76}}
{"target": 0.4277432712215321, "params": {"KC_size": 4720, "percent_hash": 11, "proj_size": 9, "topword": 94}}
{"target": 0.6476190476190476, "params": {"KC_size": 4701, "percent_hash": 6, "proj_size": 5, "topword": 93}}
{"target": 0.6111801242236025, "params": {"KC_size": 4587, "percent_hash": 12, "proj_size": 9, "topword": 12}}
{"target": 0.6666666666666666, "params": {"KC_size": 4612, "percent_hash": 14, "proj_size": 4, "topword": 17}}
{"target": 0.6178053830227743, "params": {"KC_size": 4048, "percent_hash": 15, "proj_size": 7, "topword": 88}}
{"target": 0.598343685300207, "params": {"KC_size": 4703, "percent_hash": 20, "proj_size": 7, "topword": 87}}
{"target": 0.6422360248447205, "params": {"KC_size": 4377, "percent_hash": 15, "proj_size": 4, "topword": 45}}
{"target": 0.672463768115942, "params": {"KC_size": 4788, "percent_hash": 12, "proj_size": 4, "topword": 16}}
{"target": 0.4579710144927536, "params": {"KC_size": 4785, "percent_hash": 19, "proj_size": 9, "topword": 21}}
{"target": 0.41283643892339544, "params": {"KC_size": 4707, "percent_hash": 11, "proj_size": 9, "topword": 70}}
{"target": 0.6521739130434783, "params": {"KC_size": 4796, "percent_hash": 10, "proj_size": 5, "topword": 19}}
{"target": 0.5739130434782609, "params": {"KC_size": 4703, "percent_hash": 4, "proj_size": 9, "topword": 57}}
{"target": 0.6650103519668737, "params": {"KC_size": 4708, "percent_hash": 19, "proj_size": 4, "topword": 58}}
{"target": 0.6546583850931676, "params": {"KC_size": 4599, "percent_hash": 10, "proj_size": 4, "topword": 17}}
{"target": 0.6720496894409937, "params": {"KC_size": 4788, "percent_hash": 4, "proj_size": 4, "topword": 21}}
{"target": 0.5734989648033126, "params": {"KC_size": 4790, "percent_hash": 7, "proj_size": 10, "topword": 12}}
{"target": 0.6484472049689441, "params": {"KC_size": 4709, "percent_hash": 5, "proj_size": 5, "topword": 85}}
{"target": 0.6732919254658385, "params": {"KC_size": 4685, "percent_hash": 9, "proj_size": 5, "topword": 70}}
{"target": 0.6132505175983437, "params": {"KC_size": 4371, "percent_hash": 8, "proj_size": 7, "topword": 38}}
{"target": 0.6554865424430641, "params": {"KC_size": 4797, "percent_hash": 3, "proj_size": 4, "topword": 32}}
{"target": 0.6703933747412009, "params": {"KC_size": 4785, "percent_hash": 3, "proj_size": 4, "topword": 33}}
{"target": 0.6662525879917184, "params": {"KC_size": 4558, "percent_hash": 12, "proj_size": 4, "topword": 26}}
{"target": 0.6298136645962733, "params": {"KC_size": 4553, "percent_hash": 3, "proj_size": 6, "topword": 30}}
{"target": 0.5370600414078675, "params": {"KC_size": 4566, "percent_hash": 19, "proj_size": 8, "topword": 32}}
{"target": 0.6484472049689441, "params": {"KC_size": 4722, "percent_hash": 17, "proj_size": 5, "topword": 60}}
{"target": 0.6372670807453417, "params": {"KC_size": 4547, "percent_hash": 9, "proj_size": 5, "topword": 20}}
{"target": 0.6438923395445134, "params": {"KC_size": 4723, "percent_hash": 18, "proj_size": 6, "topword": 73}}
{"target": 0.6513457556935818, "params": {"KC_size": 4714, "percent_hash": 13, "proj_size": 4, "topword": 51}}
{"target": 0.6790890269151139, "params": {"KC_size": 4791, "percent_hash": 5, "proj_size": 4, "topword": 43}}
{"target": 0.6443064182194617, "params": {"KC_size": 4801, "percent_hash": 7, "proj_size": 5, "topword": 55}}
{"target": 0.6207039337474121, "params": {"KC_size": 4791, "percent_hash": 15, "proj_size": 6, "topword": 46}}
{"target": 0.6236024844720497, "params": {"KC_size": 4723, "percent_hash": 4, "proj_size": 6, "topword": 57}}
{"target": 0.6107660455486542, "params": {"KC_size": 3665, "percent_hash": 9, "proj_size": 7, "topword": 79}}
{"target": 0.6472049689440994, "params": {"KC_size": 4370, "percent_hash": 20, "proj_size": 5, "topword": 55}}
{"target": 0.6438923395445134, "params": {"KC_size": 4003, "percent_hash": 18, "proj_size": 4, "topword": 18}}
{"target": 0.6372670807453417, "params": {"KC_size": 4006, "percent_hash": 4, "proj_size": 4, "topword": 21}}
{"target": 0.6298136645962733, "params": {"KC_size": 3677, "percent_hash": 15, "proj_size": 4, "topword": 91}}
{"target": 0.3946169772256729, "params": {"KC_size": 4317, "percent_hash": 17, "proj_size": 7, "topword": 36}}
{"target": 0.6434782608695652, "params": {"KC_size": 3992, "percent_hash": 5, "proj_size": 4, "topword": 29}}
{"target": 0.6364389233954452, "params": {"KC_size": 3990, "percent_hash": 11, "proj_size": 6, "topword": 15}}
{"target": 0.5979296066252588, "params": {"KC_size": 4058, "percent_hash": 5, "proj_size": 8, "topword": 79}}
{"target": 0.4124223602484472, "params": {"KC_size": 4949, "percent_hash": 17, "proj_size": 9, "topword": 100}}
{"target": 0.6670807453416149, "params": {"KC_size": 4554, "percent_hash": 19, "proj_size": 4, "topword": 15}}
{"target": 0.6401656314699793, "params": {"KC_size": 4033, "percent_hash": 5, "proj_size": 4, "topword": 90}}
{"target": 0.6306418219461698, "params": {"KC_size": 4562, "percent_hash": 16, "proj_size": 7, "topword": 11}}
{"target": 0.5387163561076604, "params": {"KC_size": 4543, "percent_hash": 19, "proj_size": 8, "topword": 24}}
{"target": 0.662111801242236, "params": {"KC_size": 4577, "percent_hash": 4, "proj_size": 4, "topword": 19}}
{"target": 0.4020703933747412, "params": {"KC_size": 4800, "percent_hash": 2, "proj_size": 9, "topword": 41}}
{"target": 0.5018633540372671, "params": {"KC_size": 4781, "percent_hash": 8, "proj_size": 8, "topword": 45}}
{"target": 0.5229813664596273, "params": {"KC_size": 3999, "percent_hash": 16, "proj_size": 10, "topword": 24}}
{"target": 0.6260869565217392, "params": {"KC_size": 4607, "percent_hash": 20, "proj_size": 6, "topword": 25}}
{"target": 0.6028985507246377, "params": {"KC_size": 4007, "percent_hash": 13, "proj_size": 8, "topword": 11}}
{"target": 0.45921325051759837, "params": {"KC_size": 4040, "percent_hash": 3, "proj_size": 10, "topword": 82}}
{"target": 0.6289855072463768, "params": {"KC_size": 4615, "percent_hash": 12, "proj_size": 6, "topword": 11}}
{"target": 0.6463768115942029, "params": {"KC_size": 4691, "percent_hash": 4, "proj_size": 6, "topword": 64}}
{"target": 0.6231884057971014, "params": {"KC_size": 4361, "percent_hash": 17, "proj_size": 6, "topword": 50}}
{"target": 0.6364389233954452, "params": {"KC_size": 4584, "percent_hash": 5, "proj_size": 5, "topword": 30}}
{"target": 0.6525879917184265, "params": {"KC_size": 4571, "percent_hash": 5, "proj_size": 5, "topword": 29}}
{"target": 0.6111801242236025, "params": {"KC_size": 4039, "percent_hash": 8, "proj_size": 6, "topword": 99}}
{"target": 0.6132505175983437, "params": {"KC_size": 4562, "percent_hash": 3, "proj_size": 7, "topword": 23}}
{"target": 0.639751552795031, "params": {"KC_size": 4960, "percent_hash": 19, "proj_size": 6, "topword": 83}}
{"target": 0.6306418219461698, "params": {"KC_size": 3983, "percent_hash": 13, "proj_size": 4, "topword": 26}}
{"target": 0.6364389233954452, "params": {"KC_size": 4594, "percent_hash": 15, "proj_size": 4, "topword": 31}}
{"target": 0.6422360248447205, "params": {"KC_size": 4026, "percent_hash": 7, "proj_size": 5, "topword": 100}}
{"target": 0.6107660455486542, "params": {"KC_size": 4052, "percent_hash": 18, "proj_size": 7, "topword": 68}}
{"target": 0.6173913043478261, "params": {"KC_size": 3987, "percent_hash": 17, "proj_size": 8, "topword": 39}}
