{"target": 0.6484472049689441, "params": {"KC_size": 4056, "percent_hash": 8, "proj_size": 4, "topword": 98}}
{"target": 0.6641821946169773, "params": {"KC_size": 4715, "percent_hash": 20, "proj_size": 4, "topword": 82}}
{"target": 0.6612836438923395, "params": {"KC_size": 4674, "percent_hash": 11, "proj_size": 4, "topword": 51}}
{"target": 0.49358178053830226, "params": {"KC_size": 4666, "percent_hash": 19, "proj_size": 10, "topword": 45}}
{"target": 0.6128364389233955, "params": {"KC_size": 4677, "percent_hash": 5, "proj_size": 8, "topword": 43}}
{"target": 0.65175983436853, "params": {"KC_size": 4019, "percent_hash": 6, "proj_size": 4, "topword": 28}}
{"target": 0.6530020703933748, "params": {"KC_size": 4019, "percent_hash": 16, "proj_size": 5, "topword": 92}}
{"target": 0.6699792960662526, "params": {"KC_size": 4020, "percent_hash": 3, "proj_size": 4, "topword": 90}}
{"target": 0.6385093167701863, "params": {"KC_size": 4005, "percent_hash": 5, "proj_size": 5, "topword": 97}}
{"target": 0.6447204968944099, "params": {"KC_size": 4010, "percent_hash": 7, "proj_size": 4, "topword": 51}}
{"target": 0.6509316770186335, "params": {"KC_size": 4819, "percent_hash": 2, "proj_size": 4, "topword": 14}}
{"target": 0.6343685300207039, "params": {"KC_size": 4022, "percent_hash": 13, "proj_size": 4, "topword": 42}}
{"target": 0.6053830227743271, "params": {"KC_size": 4025, "percent_hash": 18, "proj_size": 7, "topword": 28}}
{"target": 0.6322981366459627, "params": {"KC_size": 4012, "percent_hash": 2, "proj_size": 4, "topword": 38}}
{"target": 0.4343685300207039, "params": {"KC_size": 3711, "percent_hash": 11, "proj_size": 8, "topword": 88}}
{"target": 0.6227743271221532, "params": {"KC_size": 4830, "percent_hash": 2, "proj_size": 6, "topword": 20}}
{"target": 0.6766045548654245, "params": {"KC_size": 4715, "percent_hash": 20, "proj_size": 4, "topword": 67}}
{"target": 0.6513457556935818, "params": {"KC_size": 4648, "percent_hash": 2, "proj_size": 4, "topword": 10}}
{"target": 0.6132505175983437, "params": {"KC_size": 3998, "percent_hash": 9, "proj_size": 9, "topword": 53}}
{"target": 0.6476190476190476, "params": {"KC_size": 4966, "percent_hash": 18, "proj_size": 5, "topword": 95}}
{"target": 0.653416149068323, "params": {"KC_size": 4006, "percent_hash": 17, "proj_size": 5, "topword": 94}}
{"target": 0.6459627329192547, "params": {"KC_size": 4807, "percent_hash": 4, "proj_size": 5, "topword": 66}}
{"target": 0.6629399585921325, "params": {"KC_size": 4797, "percent_hash": 18, "proj_size": 4, "topword": 66}}
{"target": 0.6728778467908902, "params": {"KC_size": 4793, "percent_hash": 11, "proj_size": 4, "topword": 75}}
{"target": 0.6832298136645962, "params": {"KC_size": 4802, "percent_hash": 13, "proj_size": 4, "topword": 82}}
{"target": 0.4848861283643892, "params": {"KC_size": 4796, "percent_hash": 19, "proj_size": 9, "topword": 86}}
{"target": 0.6343685300207039, "params": {"KC_size": 4802, "percent_hash": 6, "proj_size": 5, "topword": 80}}
{"target": 0.6273291925465838, "params": {"KC_size": 4809, "percent_hash": 15, "proj_size": 8, "topword": 77}}
{"target": 0.6571428571428571, "params": {"KC_size": 4797, "percent_hash": 4, "proj_size": 4, "topword": 69}}
{"target": 0.6612836438923395, "params": {"KC_size": 4788, "percent_hash": 10, "proj_size": 4, "topword": 64}}
{"target": 0.47991718426501034, "params": {"KC_size": 4013, "percent_hash": 6, "proj_size": 9, "topword": 97}}
{"target": 0.5163561076604555, "params": {"KC_size": 4803, "percent_hash": 12, "proj_size": 9, "topword": 67}}
{"target": 0.5333333333333333, "params": {"KC_size": 3997, "percent_hash": 11, "proj_size": 10, "topword": 88}}
{"target": 0.48157349896480334, "params": {"KC_size": 4791, "percent_hash": 18, "proj_size": 9, "topword": 59}}
{"target": 0.6550724637681159, "params": {"KC_size": 4816, "percent_hash": 5, "proj_size": 6, "topword": 60}}
{"target": 0.6488612836438924, "params": {"KC_size": 4786, "percent_hash": 3, "proj_size": 5, "topword": 69}}
{"target": 0.6327122153209109, "params": {"KC_size": 4809, "percent_hash": 9, "proj_size": 7, "topword": 87}}
{"target": 0.6149068322981367, "params": {"KC_size": 4643, "percent_hash": 2, "proj_size": 6, "topword": 19}}
{"target": 0.6260869565217392, "params": {"KC_size": 4023, "percent_hash": 7, "proj_size": 4, "topword": 84}}
{"target": 0.6124223602484472, "params": {"KC_size": 4023, "percent_hash": 5, "proj_size": 8, "topword": 14}}
{"target": 0.5519668737060042, "params": {"KC_size": 4676, "percent_hash": 5, "proj_size": 7, "topword": 58}}
{"target": 0.6563146997929606, "params": {"KC_size": 4819, "percent_hash": 6, "proj_size": 4, "topword": 70}}
{"target": 0.5834368530020704, "params": {"KC_size": 4555, "percent_hash": 12, "proj_size": 9, "topword": 17}}
{"target": 0.6530020703933748, "params": {"KC_size": 4684, "percent_hash": 16, "proj_size": 5, "topword": 51}}
{"target": 0.6368530020703934, "params": {"KC_size": 4572, "percent_hash": 11, "proj_size": 6, "topword": 14}}
{"target": 0.6583850931677019, "params": {"KC_size": 4784, "percent_hash": 15, "proj_size": 4, "topword": 72}}
{"target": 0.6695652173913044, "params": {"KC_size": 4820, "percent_hash": 12, "proj_size": 4, "topword": 81}}
{"target": 0.6459627329192547, "params": {"KC_size": 4824, "percent_hash": 2, "proj_size": 5, "topword": 81}}
{"target": 0.4331262939958592, "params": {"KC_size": 4825, "percent_hash": 19, "proj_size": 10, "topword": 82}}
{"target": 0.6322981366459627, "params": {"KC_size": 4651, "percent_hash": 15, "proj_size": 5, "topword": 11}}
{"target": 0.6356107660455487, "params": {"KC_size": 4010, "percent_hash": 18, "proj_size": 4, "topword": 85}}
{"target": 0.6633540372670808, "params": {"KC_size": 4829, "percent_hash": 9, "proj_size": 4, "topword": 61}}
{"target": 0.6592132505175984, "params": {"KC_size": 4823, "percent_hash": 16, "proj_size": 4, "topword": 63}}
{"target": 0.4418219461697723, "params": {"KC_size": 4826, "percent_hash": 6, "proj_size": 10, "topword": 51}}
{"target": 0.6530020703933748, "params": {"KC_size": 4048, "percent_hash": 6, "proj_size": 5, "topword": 66}}
{"target": 0.6447204968944099, "params": {"KC_size": 4834, "percent_hash": 5, "proj_size": 6, "topword": 73}}
{"target": 0.41490683229813663, "params": {"KC_size": 4813, "percent_hash": 5, "proj_size": 6, "topword": 80}}
{"target": 0.6480331262939959, "params": {"KC_size": 4790, "percent_hash": 4, "proj_size": 5, "topword": 28}}
{"target": 0.6616977225672878, "params": {"KC_size": 4792, "percent_hash": 3, "proj_size": 4, "topword": 78}}
{"target": 0.4691511387163561, "params": {"KC_size": 4827, "percent_hash": 6, "proj_size": 9, "topword": 70}}
{"target": 0.6265010351966873, "params": {"KC_size": 4597, "percent_hash": 14, "proj_size": 8, "topword": 23}}
{"target": 0.6625258799171843, "params": {"KC_size": 4586, "percent_hash": 12, "proj_size": 5, "topword": 25}}
{"target": 0.591304347826087, "params": {"KC_size": 4371, "percent_hash": 20, "proj_size": 10, "topword": 46}}
{"target": 0.4563146997929607, "params": {"KC_size": 4645, "percent_hash": 8, "proj_size": 10, "topword": 10}}
{"target": 0.4455486542443064, "params": {"KC_size": 4715, "percent_hash": 13, "proj_size": 10, "topword": 58}}
{"target": 0.6761904761904762, "params": {"KC_size": 4790, "percent_hash": 7, "proj_size": 4, "topword": 34}}
{"target": 0.6426501035196688, "params": {"KC_size": 4594, "percent_hash": 2, "proj_size": 4, "topword": 10}}
{"target": 0.6695652173913044, "params": {"KC_size": 4792, "percent_hash": 15, "proj_size": 4, "topword": 69}}
{"target": 0.6645962732919255, "params": {"KC_size": 4705, "percent_hash": 13, "proj_size": 4, "topword": 85}}
{"target": 0.6140786749482402, "params": {"KC_size": 4027, "percent_hash": 17, "proj_size": 8, "topword": 96}}
{"target": 0.6679089026915114, "params": {"KC_size": 4589, "percent_hash": 16, "proj_size": 4, "topword": 17}}
{"target": 0.4215320910973085, "params": {"KC_size": 4610, "percent_hash": 19, "proj_size": 9, "topword": 14}}
{"target": 0.5370600414078675, "params": {"KC_size": 4816, "percent_hash": 10, "proj_size": 7, "topword": 64}}
{"target": 0.6140786749482402, "params": {"KC_size": 4596, "percent_hash": 17, "proj_size": 9, "topword": 14}}
{"target": 0.6331262939958592, "params": {"KC_size": 4580, "percent_hash": 9, "proj_size": 7, "topword": 20}}
{"target": 0.6244306418219462, "params": {"KC_size": 4585, "percent_hash": 17, "proj_size": 7, "topword": 20}}
{"target": 0.4886128364389234, "params": {"KC_size": 4688, "percent_hash": 9, "proj_size": 9, "topword": 73}}
{"target": 0.5118012422360249, "params": {"KC_size": 4712, "percent_hash": 16, "proj_size": 6, "topword": 84}}
{"target": 0.6629399585921325, "params": {"KC_size": 4707, "percent_hash": 12, "proj_size": 4, "topword": 90}}
{"target": 0.6285714285714286, "params": {"KC_size": 4786, "percent_hash": 12, "proj_size": 7, "topword": 72}}
{"target": 0.6703933747412009, "params": {"KC_size": 4703, "percent_hash": 16, "proj_size": 4, "topword": 61}}
{"target": 0.5763975155279503, "params": {"KC_size": 4793, "percent_hash": 5, "proj_size": 7, "topword": 72}}
{"target": 0.6703933747412009, "params": {"KC_size": 4607, "percent_hash": 8, "proj_size": 4, "topword": 13}}
{"target": 0.6695652173913044, "params": {"KC_size": 4785, "percent_hash": 8, "proj_size": 4, "topword": 29}}
{"target": 0.6530020703933748, "params": {"KC_size": 4802, "percent_hash": 11, "proj_size": 5, "topword": 77}}
{"target": 0.6082815734989648, "params": {"KC_size": 4579, "percent_hash": 9, "proj_size": 8, "topword": 28}}
{"target": 0.5461697722567288, "params": {"KC_size": 4714, "percent_hash": 19, "proj_size": 7, "topword": 72}}
{"target": 0.6492753623188405, "params": {"KC_size": 4710, "percent_hash": 6, "proj_size": 4, "topword": 92}}
{"target": 0.6774327122153209, "params": {"KC_size": 4791, "percent_hash": 10, "proj_size": 4, "topword": 24}}
{"target": 0.6538302277432713, "params": {"KC_size": 4026, "percent_hash": 8, "proj_size": 5, "topword": 91}}
{"target": 0.6385093167701863, "params": {"KC_size": 4961, "percent_hash": 19, "proj_size": 6, "topword": 89}}
{"target": 0.6608695652173913, "params": {"KC_size": 4601, "percent_hash": 8, "proj_size": 4, "topword": 11}}
{"target": 0.6513457556935818, "params": {"KC_size": 4686, "percent_hash": 10, "proj_size": 5, "topword": 64}}
{"target": 0.6132505175983437, "params": {"KC_size": 4681, "percent_hash": 12, "proj_size": 7, "topword": 47}}
{"target": 0.665424430641822, "params": {"KC_size": 4701, "percent_hash": 11, "proj_size": 4, "topword": 57}}
{"target": 0.6343685300207039, "params": {"KC_size": 4794, "percent_hash": 9, "proj_size": 7, "topword": 81}}
{"target": 0.6670807453416149, "params": {"KC_size": 4721, "percent_hash": 20, "proj_size": 4, "topword": 65}}
{"target": 0.6608695652173913, "params": {"KC_size": 4702, "percent_hash": 18, "proj_size": 4, "topword": 76}}
{"target": 0.6745341614906832, "params": {"KC_size": 4610, "percent_hash": 11, "proj_size": 4, "topword": 22}}
{"target": 0.6364389233954452, "params": {"KC_size": 4011, "percent_hash": 5, "proj_size": 6, "topword": 29}}
{"target": 0.6683229813664596, "params": {"KC_size": 4614, "percent_hash": 8, "proj_size": 4, "topword": 17}}
{"target": 0.6447204968944099, "params": {"KC_size": 4692, "percent_hash": 11, "proj_size": 4, "topword": 83}}
{"target": 0.6285714285714286, "params": {"KC_size": 4796, "percent_hash": 6, "proj_size": 5, "topword": 60}}
{"target": 0.6625258799171843, "params": {"KC_size": 4728, "percent_hash": 15, "proj_size": 4, "topword": 65}}
{"target": 0.6542443064182195, "params": {"KC_size": 4830, "percent_hash": 17, "proj_size": 4, "topword": 61}}
{"target": 0.6447204968944099, "params": {"KC_size": 4559, "percent_hash": 19, "proj_size": 4, "topword": 20}}
